<?xml version="1.0" encoding="UTF-8"?>
<!-- Generated by org.testng.reporters.JUnitReportReporter -->
<testsuite skipped="0" hostname="CDC2-D-CHHVXJ2" name="Test2.NewTest12" tests="3" failures="0" timestamp="2020-01-22T11:47:38 IST" time="3.969" errors="0">
  <testcase name="testRegisterLink" time="0.966" classname="Test2.NewTest12"/>
  <system-out/>
  <testcase name="testLoginLink" time="0.792" classname="Test2.NewTest12"/>
  <system-out/>
  <testcase name="testLoginButton" time="2.211" classname="Test2.NewTest12"/>
  <system-out/>
</testsuite> <!-- Test2.NewTest12 -->
